<?xml version="1.0" encoding="UTF-8"?>
<testng-results ignored="0" total="1" passed="1" failed="0" skipped="0">
  <reporter-output>
  </reporter-output>
  <suite started-at="2025-02-17T22:15:51 IST" name="Default suite" finished-at="2025-02-17T22:15:58 IST" duration-ms="7262">
    <groups>
    </groups>
    <test started-at="2025-02-17T22:15:51 IST" name="Default test" finished-at="2025-02-17T22:15:58 IST" duration-ms="7262">
      <class name="test.LoginTest">
        <test-method is-config="true" signature="setup()[pri:0, instance:test.LoginTest@1ffaf86]" started-at="2025-02-17T22:15:51 IST" name="setup" finished-at="2025-02-17T22:15:55 IST" duration-ms="3655" status="PASS">
          <reporter-output>
          </reporter-output>
        </test-method> <!-- setup -->
        <test-method signature="openGoogle()[pri:0, instance:test.LoginTest@1ffaf86]" started-at="2025-02-17T22:15:55 IST" name="openGoogle" finished-at="2025-02-17T22:15:58 IST" duration-ms="3316" status="PASS">
          <reporter-output>
          </reporter-output>
        </test-method> <!-- openGoogle -->
        <test-method is-config="true" signature="tearDown()[pri:0, instance:test.LoginTest@1ffaf86]" started-at="2025-02-17T22:15:58 IST" name="tearDown" finished-at="2025-02-17T22:15:58 IST" duration-ms="195" status="PASS">
          <reporter-output>
          </reporter-output>
        </test-method> <!-- tearDown -->
      </class> <!-- test.LoginTest -->
    </test> <!-- Default test -->
  </suite> <!-- Default suite -->
</testng-results>
